<?xml version="1.0" encoding="UTF-8"?>
<!-- Generated by org.testng.reporters.JUnitReportReporter -->
<testsuite skipped="0" hostname="WINDOWS-CN1QL0J" name="TestAngularApp" tests="1" failures="0" timestamp="13 Aug 2018 11:34:50 GMT" time="11.871" errors="0">
  <testcase name="begin" time="11.871" classname="TestAngularApp"/>
</testsuite> <!-- TestAngularApp -->
