<?xml version="1.0" encoding="UTF-8"?>
<!-- Generated by org.testng.reporters.JUnitReportReporter -->
<testsuite skipped="0" hostname="WINDOWS-CN1QL0J" name="ConfigurationDemo.TestSeleniumBlog" tests="1" failures="0" timestamp="14 Jun 2018 13:58:42 GMT" time="0.013" errors="0">
  <testcase name="testConfig" time="0.013" classname="ConfigurationDemo.TestSeleniumBlog"/>
</testsuite> <!-- ConfigurationDemo.TestSeleniumBlog -->
