<?xml version="1.0" encoding="UTF-8"?>
<!-- Generated by org.testng.reporters.JUnitReportReporter -->
<testsuite skipped="0" hostname="Norayr-PC" name="trainings.HandleWindow" tests="1" failures="0" timestamp="10 Jun 2018 14:02:57 GMT" time="17.747" errors="0">
  <testcase name="start" time="17.747" classname="trainings.HandleWindow"/>
</testsuite> <!-- trainings.HandleWindow -->
