<?xml version="1.0" encoding="UTF-8"?>
<!-- Generated by org.testng.reporters.JUnitReportReporter -->
<testsuite skipped="0" hostname="WINDOWS-CN1QL0J" name="DDT.WordpressLogin" tests="3" failures="0" timestamp="14 Jun 2018 11:30:37 GMT" time="83.239" errors="0">
  <testcase name="loginToFacebook" time="43.656" classname="DDT.WordpressLogin"/>
  <testcase name="loginToFacebook" time="16.942" classname="DDT.WordpressLogin"/>
  <testcase name="loginToFacebook" time="22.641" classname="DDT.WordpressLogin"/>
</testsuite> <!-- DDT.WordpressLogin -->
