<?xml version="1.0" encoding="UTF-8"?>
<!-- Generated by org.testng.reporters.JUnitReportReporter -->
<testsuite skipped="0" hostname="WINDOWS-CN1QL0J" name="ConfigurationDemo.TestSeleniumInChrome" tests="1" failures="0" timestamp="14 Jun 2018 14:09:06 GMT" time="25.201" errors="0">
  <testcase name="testChrome" time="25.201" classname="ConfigurationDemo.TestSeleniumInChrome"/>
</testsuite> <!-- ConfigurationDemo.TestSeleniumInChrome -->
