<?xml version="1.0" encoding="UTF-8"?>
<!-- Generated by org.testng.reporters.JUnitReportReporter -->
<testsuite skipped="0" hostname="Norayr-PC" name="trainings.UploadFIle" tests="1" failures="0" timestamp="09 Jun 2018 21:13:19 GMT" time="14.406" errors="0">
  <testcase name="start" time="14.406" classname="trainings.UploadFIle"/>
</testsuite> <!-- trainings.UploadFIle -->
