<?xml version="1.0" encoding="UTF-8"?>
<!-- Generated by org.testng.reporters.JUnitReportReporter -->
<testsuite skipped="0" hostname="Norayr-PC" name="trainings.DemoClass" tests="1" failures="0" timestamp="09 Jun 2018 15:29:29 GMT" time="31.977" errors="0">
  <testcase name="start" time="31.977" classname="trainings.DemoClass"/>
</testsuite> <!-- trainings.DemoClass -->
