<?xml version="1.0" encoding="UTF-8"?>
<!-- Generated by org.testng.reporters.JUnitReportReporter -->
<testsuite skipped="0" hostname="Norayr-PC" name="trainings.HiddenElements" tests="1" failures="0" timestamp="09 Jun 2018 15:28:12 GMT" time="32.540" errors="0">
  <testcase name="start" time="32.540" classname="trainings.HiddenElements"/>
</testsuite> <!-- trainings.HiddenElements -->
